<?xml version="1.0" encoding="UTF-8"?>
<testsuite name="webflux.tutorial.userinfo.UserInfoRouterTest" tests="1" skipped="0" failures="0" errors="0" timestamp="2022-09-20T01:48:18" hostname="JP-MPKWXQ9K0W" time="0.534">
  <properties/>
  <testcase name="testGetUserInfo()" classname="webflux.tutorial.userinfo.UserInfoRouterTest" time="0.534"/>
  <system-out><![CDATA[2022-09-20 10:48:16.477 ?[35m[Test worker]?[0;39m ?[34mINFO ?[0;39m o.s.t.c.s.AbstractContextLoader.generateDefaultLocations - Could not detect default resource locations for test class [webflux.tutorial.userinfo.UserInfoRouterTest]: no resource found for suffixes {-context.xml, Context.groovy}.
2022-09-20 10:48:16.655 ?[35m[Test worker]?[0;39m ?[34mINFO ?[0;39m o.s.b.t.a.w.r.WebFluxTestContextBootstrapper.getDefaultTestExecutionListenerClassNames - Loaded default TestExecutionListener class names from location [META-INF/spring.factories]: [org.springframework.boot.test.autoconfigure.restdocs.RestDocsTestExecutionListener, org.springframework.boot.test.autoconfigure.web.client.MockRestServiceServerResetTestExecutionListener, org.springframework.boot.test.autoconfigure.web.servlet.MockMvcPrintOnlyOnFailureTestExecutionListener, org.springframework.boot.test.autoconfigure.web.servlet.WebDriverTestExecutionListener, org.springframework.boot.test.autoconfigure.webservices.client.MockWebServiceServerTestExecutionListener, org.springframework.boot.test.mock.mockito.MockitoTestExecutionListener, org.springframework.boot.test.mock.mockito.ResetMocksTestExecutionListener, org.springframework.test.context.web.ServletTestExecutionListener, org.springframework.test.context.support.DirtiesContextBeforeModesTestExecutionListener, org.springframework.test.context.event.ApplicationEventsTestExecutionListener, org.springframework.test.context.support.DependencyInjectionTestExecutionListener, org.springframework.test.context.support.DirtiesContextTestExecutionListener, org.springframework.test.context.transaction.TransactionalTestExecutionListener, org.springframework.test.context.jdbc.SqlScriptsTestExecutionListener, org.springframework.test.context.event.EventPublishingTestExecutionListener]
2022-09-20 10:48:16.671 ?[35m[Test worker]?[0;39m ?[34mINFO ?[0;39m o.s.b.t.a.w.r.WebFluxTestContextBootstrapper.getTestExecutionListeners - Using TestExecutionListeners: [org.springframework.test.context.support.DirtiesContextBeforeModesTestExecutionListener@48793bef, org.springframework.test.context.event.ApplicationEventsTestExecutionListener@7d286fb6, org.springframework.boot.test.mock.mockito.MockitoTestExecutionListener@3eb77ea8, org.springframework.boot.test.autoconfigure.SpringBootDependencyInjectionTestExecutionListener@7b8b43c7, org.springframework.test.context.support.DirtiesContextTestExecutionListener@7aaca91a, org.springframework.test.context.event.EventPublishingTestExecutionListener@44c73c26, org.springframework.boot.test.autoconfigure.restdocs.RestDocsTestExecutionListener@41005828, org.springframework.boot.test.autoconfigure.web.client.MockRestServiceServerResetTestExecutionListener@60b4beb4, org.springframework.boot.test.autoconfigure.web.servlet.MockMvcPrintOnlyOnFailureTestExecutionListener@7fcf2fc1, org.springframework.boot.test.autoconfigure.web.servlet.WebDriverTestExecutionListener@2141a12, org.springframework.boot.test.autoconfigure.webservices.client.MockWebServiceServerTestExecutionListener@4196c360, org.springframework.boot.test.mock.mockito.ResetMocksTestExecutionListener@41294f8]

  .   ____          _            __ _ _
 /\\ / ___'_ __ _ _(_)_ __  __ _ \ \ \ \
( ( )\___ | '_ | '_| | '_ \/ _` | \ \ \ \
 \\/  ___)| |_)| | | | | || (_| |  ) ) ) )
  '  |____| .__|_| |_|_| |_\__, | / / / /
 =========|_|==============|___/=/_/_/_/
 :: Spring Boot ::                (v2.7.3)

2022-09-20 10:48:17.292 ?[35m[Test worker]?[0;39m ?[34mINFO ?[0;39m w.t.userinfo.UserInfoRouterTest.logStarting - Starting UserInfoRouterTest using Java 1.8.0_202 on JP-MPKWXQ9K0W with PID 2543 (started by hyungguen.han in /Users/hyungguen.han/IdeaProjects/web-flux-tutorial)
2022-09-20 10:48:17.296 ?[35m[Test worker]?[0;39m ?[34mINFO ?[0;39m w.t.userinfo.UserInfoRouterTest.logStartupProfileInfo - No active profile set, falling back to 1 default profile: "default"
2022-09-20 10:48:18.912 ?[35m[Test worker]?[0;39m ?[34mINFO ?[0;39m w.t.userinfo.UserInfoRouterTest.logStarted - Started UserInfoRouterTest in 2.189 seconds (JVM running for 3.953)
2022-09-20 10:48:19.384 ?[35m[parallel-1]?[0;39m ?[34mINFO ?[0;39m w.tutorial.userinfo.UserInfoHandler.getUserInfo - Fetching the user info...
]]></system-out>
  <system-err><![CDATA[]]></system-err>
</testsuite>
